мар. 22, 2023 1:18:59 AM vilina.hw2.Task_02 main
INFO: [4, 9, 3, 12, 21, 7, 1, 47]
мар. 22, 2023 1:18:59 AM vilina.hw2.Task_02 main
INFO: [4, 3, 9, 12, 21, 7, 1, 47]
мар. 22, 2023 1:18:59 AM vilina.hw2.Task_02 main
INFO: [4, 3, 9, 12, 21, 7, 1, 47]
мар. 22, 2023 1:18:59 AM vilina.hw2.Task_02 main
INFO: [4, 3, 9, 12, 21, 7, 1, 47]
мар. 22, 2023 1:18:59 AM vilina.hw2.Task_02 main
INFO: [4, 3, 9, 12, 7, 21, 1, 47]
мар. 22, 2023 1:18:59 AM vilina.hw2.Task_02 main
INFO: [4, 3, 9, 12, 7, 1, 21, 47]
мар. 22, 2023 1:18:59 AM vilina.hw2.Task_02 main
INFO: [4, 3, 9, 12, 7, 1, 21, 47]
мар. 22, 2023 1:18:59 AM vilina.hw2.Task_02 main
INFO: [3, 4, 9, 12, 7, 1, 21, 47]
мар. 22, 2023 1:18:59 AM vilina.hw2.Task_02 main
INFO: [3, 4, 9, 12, 7, 1, 21, 47]
мар. 22, 2023 1:18:59 AM vilina.hw2.Task_02 main
INFO: [3, 4, 9, 12, 7, 1, 21, 47]
мар. 22, 2023 1:18:59 AM vilina.hw2.Task_02 main
INFO: [3, 4, 9, 7, 12, 1, 21, 47]
мар. 22, 2023 1:18:59 AM vilina.hw2.Task_02 main
INFO: [3, 4, 9, 7, 1, 12, 21, 47]
мар. 22, 2023 1:18:59 AM vilina.hw2.Task_02 main
INFO: [3, 4, 9, 7, 1, 12, 21, 47]
мар. 22, 2023 1:18:59 AM vilina.hw2.Task_02 main
INFO: [3, 4, 9, 7, 1, 12, 21, 47]
мар. 22, 2023 1:18:59 AM vilina.hw2.Task_02 main
INFO: [3, 4, 9, 7, 1, 12, 21, 47]
мар. 22, 2023 1:18:59 AM vilina.hw2.Task_02 main
INFO: [3, 4, 7, 9, 1, 12, 21, 47]
мар. 22, 2023 1:18:59 AM vilina.hw2.Task_02 main
INFO: [3, 4, 7, 1, 9, 12, 21, 47]
мар. 22, 2023 1:18:59 AM vilina.hw2.Task_02 main
INFO: [3, 4, 7, 1, 9, 12, 21, 47]
мар. 22, 2023 1:18:59 AM vilina.hw2.Task_02 main
INFO: [3, 4, 7, 1, 9, 12, 21, 47]
мар. 22, 2023 1:18:59 AM vilina.hw2.Task_02 main
INFO: [3, 4, 7, 1, 9, 12, 21, 47]
мар. 22, 2023 1:18:59 AM vilina.hw2.Task_02 main
INFO: [3, 4, 1, 7, 9, 12, 21, 47]
мар. 22, 2023 1:18:59 AM vilina.hw2.Task_02 main
INFO: [3, 4, 1, 7, 9, 12, 21, 47]
мар. 22, 2023 1:18:59 AM vilina.hw2.Task_02 main
INFO: [3, 4, 1, 7, 9, 12, 21, 47]
мар. 22, 2023 1:18:59 AM vilina.hw2.Task_02 main
INFO: [3, 1, 4, 7, 9, 12, 21, 47]
мар. 22, 2023 1:18:59 AM vilina.hw2.Task_02 main
INFO: [3, 1, 4, 7, 9, 12, 21, 47]
мар. 22, 2023 1:18:59 AM vilina.hw2.Task_02 main
INFO: [1, 3, 4, 7, 9, 12, 21, 47]
мар. 22, 2023 1:18:59 AM vilina.hw2.Task_02 main
INFO: [1, 3, 4, 7, 9, 12, 21, 47]
мар. 22, 2023 1:18:59 AM vilina.hw2.Task_02 main
INFO: [1, 3, 4, 7, 9, 12, 21, 47]
